Using pre-set license
Built from '2020.2/release' branch; Version is '2020.2.1f1 (270dd8c3da1c) revision 2559448'; Using compiler version '192528614'; Build Type 'Release'
OS: 'Windows 10  (10.0.0) 64bit' Language: 'en' Physical Memory: 65451 MB
BatchMode: 1, IsHumanControllingUs: 0, StartBugReporterOnCrash: 0, Is64bit: 1, IsPro: 0

 COMMAND LINE ARGUMENTS:
D:\Program\Unity\2020.2.1f1\Editor\Unity.exe
-adb2
-batchMode
-noUpm
-name
AssetImportWorker0
-projectPath
D:/GitKrakenRepo/Unity/School/PMwithAgileSprint2Game
-logFile
Logs/AssetImportWorker0.log
-srvPort
59437
Successfully changed project path to: D:/GitKrakenRepo/Unity/School/PMwithAgileSprint2Game
D:/GitKrakenRepo/Unity/School/PMwithAgileSprint2Game
Using Asset Import Pipeline V2.
Refreshing native plugins compatible for Editor in 33.75 ms, found 1 plugins.
Preloading 0 native plugins for Editor in 0.00 ms.
Initialize engine version: 2020.2.1f1 (270dd8c3da1c)
[Subsystems] Discovering subsystems at path D:/Program/Unity/2020.2.1f1/Editor/Data/Resources/UnitySubsystems
[Subsystems] Discovering subsystems at path D:/GitKrakenRepo/Unity/School/PMwithAgileSprint2Game/Assets
GfxDevice: creating device client; threaded=0
Direct3D:
    Version:  Direct3D 11.0 [level 11.1]
    Renderer: NVIDIA GeForce GTX 1080 Ti (ID=0x1b06)
    Vendor:   
    VRAM:     11127 MB
    Driver:   27.21.14.6140
Initialize mono
Mono path[0] = 'D:/Program/Unity/2020.2.1f1/Editor/Data/Managed'
Mono path[1] = 'D:/Program/Unity/2020.2.1f1/Editor/Data/MonoBleedingEdge/lib/mono/unityjit'
Mono config path = 'D:/Program/Unity/2020.2.1f1/Editor/Data/MonoBleedingEdge/etc'
Using monoOptions --debugger-agent=transport=dt_socket,embedding=1,server=y,suspend=n,address=127.0.0.1:56028
Begin MonoManager ReloadAssembly
Registering precompiled unity dll's ...
Register platform support module: D:/Program/Unity/2020.2.1f1/Editor/Data/PlaybackEngines/WebGLSupport/UnityEditor.WebGL.Extensions.dll
Register platform support module: D:/Program/Unity/2020.2.1f1/Editor/Data/PlaybackEngines/MacStandaloneSupport/UnityEditor.OSXStandalone.Extensions.dll
Register platform support module: D:/Program/Unity/2020.2.1f1/Editor/Data/PlaybackEngines/WindowsStandaloneSupport/UnityEditor.WindowsStandalone.Extensions.dll
Register platform support module: D:/Program/Unity/2020.2.1f1/Editor/Data/PlaybackEngines/LinuxStandaloneSupport/UnityEditor.LinuxStandalone.Extensions.dll
Registered in 0.001989 seconds.
Native extension for LinuxStandalone target not found
Native extension for WindowsStandalone target not found
Native extension for OSXStandalone target not found
Native extension for WebGL target not found
Refreshing native plugins compatible for Editor in 33.83 ms, found 1 plugins.
Preloading 0 native plugins for Editor in 0.00 ms.
Invoked RoslynAnalysisRunner static constructor.
RoslynAnalysisRunner will not be running.
RoslynAnalysisRunner has terminated.
Mono: successfully reloaded assembly
- Completed reload, in  1.286 seconds
Platform modules already initialized, skipping
Registering precompiled user dll's ...
Registered in 0.000858 seconds.
Begin MonoManager ReloadAssembly
Native extension for LinuxStandalone target not found
Native extension for WindowsStandalone target not found
Native extension for OSXStandalone target not found
Native extension for WebGL target not found
Refreshing native plugins compatible for Editor in 34.21 ms, found 1 plugins.
Preloading 0 native plugins for Editor in 0.00 ms.
Invoked RoslynAnalysisRunner static constructor.
RoslynAnalysisRunner will not be running.
RoslynAnalysisRunner has terminated.
Mono: successfully reloaded assembly
- Completed reload, in  0.933 seconds
Platform modules already initialized, skipping
========================================================================
Worker process is ready to serve import requests
Launched and connected shader compiler UnityShaderCompiler.exe after 0.05 seconds
Refreshing native plugins compatible for Editor in 0.40 ms, found 1 plugins.
Preloading 0 native plugins for Editor in 0.00 ms.
Unloading 2043 Unused Serialized files (Serialized files now loaded: 0)
System memory in use before: 108.2 MB.
System memory in use after: 108.1 MB.

Unloading 25 unused Assets to reduce memory usage. Loaded Objects now: 2507.
Total: 1.925600 ms (FindLiveObjects: 0.226400 ms CreateObjectMapping: 0.044200 ms MarkObjects: 1.543600 ms  DeleteObjects: 0.110500 ms)

========================================================================
Received Import Request.
  path: Assets/Art/start_button.png
  artifactKey: Guid(6a6525a76d447094daad154715f27d23) Importer(815301076,1909f56bfc062723c751e8b465ee728b)
Start importing Assets/Art/start_button.png using Guid(6a6525a76d447094daad154715f27d23) Importer(815301076,1909f56bfc062723c751e8b465ee728b)  -> (artifact id: 'f79c5289c83a0615c030bd40739b144b') in 0.242040 seconds
  Import took 0.262233 seconds .

========================================================================
Received Import Request.
  Time since last request: 0.000290 seconds.
  path: Assets/Art/You_Lose_Message.png
  artifactKey: Guid(1e294578aa638b44ab64a7aaf87137fa) Importer(815301076,1909f56bfc062723c751e8b465ee728b)
Start importing Assets/Art/You_Lose_Message.png using Guid(1e294578aa638b44ab64a7aaf87137fa) Importer(815301076,1909f56bfc062723c751e8b465ee728b)  -> (artifact id: 'bb29593c52c0ffd6d38f3f3b04fc5549') in 0.028283 seconds
  Import took 0.035155 seconds .

========================================================================
Received Import Request.
  Time since last request: 0.000258 seconds.
  path: Assets/Art/Kranked1.png
  artifactKey: Guid(57d716aca4cea564e96fce8075f4b6ff) Importer(815301076,1909f56bfc062723c751e8b465ee728b)
Start importing Assets/Art/Kranked1.png using Guid(57d716aca4cea564e96fce8075f4b6ff) Importer(815301076,1909f56bfc062723c751e8b465ee728b)  -> (artifact id: 'dd2bc33c6bb6e9da5d0dd63a17cb47e3') in 0.014031 seconds
  Import took 0.024503 seconds .

========================================================================
Received Import Request.
  Time since last request: 0.000276 seconds.
  path: Assets/Art/Kranky_Invasion_Start_Image.png
  artifactKey: Guid(55968725fd29a8f4198724e6b7e1cb71) Importer(815301076,1909f56bfc062723c751e8b465ee728b)
Start importing Assets/Art/Kranky_Invasion_Start_Image.png using Guid(55968725fd29a8f4198724e6b7e1cb71) Importer(815301076,1909f56bfc062723c751e8b465ee728b)  -> (artifact id: '3cfece2857a593c8c860ea3fe97ca15d') in 0.014441 seconds
  Import took 0.020306 seconds .

========================================================================
Received Import Request.
  Time since last request: 0.000254 seconds.
  path: Assets/Art/You_win.png
  artifactKey: Guid(e27b6a99efa9b874a97568eae3d5ca49) Importer(815301076,1909f56bfc062723c751e8b465ee728b)
Start importing Assets/Art/You_win.png using Guid(e27b6a99efa9b874a97568eae3d5ca49) Importer(815301076,1909f56bfc062723c751e8b465ee728b)  -> (artifact id: 'c1db143df5eed0eb3c92a8bd86c7c825') in 0.020895 seconds
  Import took 0.024214 seconds .

========================================================================
Received Import Request.
  Time since last request: 0.000299 seconds.
  path: Assets/Art/player_Character.png
  artifactKey: Guid(b17379ea329fd7146a019f38394ac87f) Importer(815301076,1909f56bfc062723c751e8b465ee728b)
Start importing Assets/Art/player_Character.png using Guid(b17379ea329fd7146a019f38394ac87f) Importer(815301076,1909f56bfc062723c751e8b465ee728b)  -> (artifact id: 'e14e5354049e14e7b14f3e4d164db76b') in 0.014966 seconds
  Import took 0.022665 seconds .

========================================================================
Received Import Request.
  Time since last request: 0.000269 seconds.
  path: Assets/Art/You_win.png
  artifactKey: Guid(e27b6a99efa9b874a97568eae3d5ca49) Importer(815301076,1909f56bfc062723c751e8b465ee728b)
Start importing Assets/Art/You_win.png using Guid(e27b6a99efa9b874a97568eae3d5ca49) Importer(815301076,1909f56bfc062723c751e8b465ee728b)  -> (artifact id: 'c1db143df5eed0eb3c92a8bd86c7c825') in 0.008498 seconds
  Import took 0.011653 seconds .

========================================================================
Received Import Request.
  Time since last request: 0.000282 seconds.
  path: Assets/Art/Kranked2.png
  artifactKey: Guid(9a135cd462f5caa47af1df4920b4a386) Importer(815301076,1909f56bfc062723c751e8b465ee728b)
Start importing Assets/Art/Kranked2.png using Guid(9a135cd462f5caa47af1df4920b4a386) Importer(815301076,1909f56bfc062723c751e8b465ee728b)  -> (artifact id: 'c49a2d40846294279123ed74fb789b05') in 0.012836 seconds
  Import took 0.017671 seconds .

========================================================================
Received Import Request.
  Time since last request: 0.000286 seconds.
  path: Assets/Art/End_Button.png
  artifactKey: Guid(e5afcb2ec56114e40a6f06831c20ad10) Importer(815301076,1909f56bfc062723c751e8b465ee728b)
Start importing Assets/Art/End_Button.png using Guid(e5afcb2ec56114e40a6f06831c20ad10) Importer(815301076,1909f56bfc062723c751e8b465ee728b)  -> (artifact id: '4517351f6d7560bae4386c69ec6c5388') in 0.009678 seconds
  Import took 0.020370 seconds .

========================================================================
Received Import Request.
  Time since last request: 1096.134901 seconds.
  path: Assets/Art/2.pdf
  artifactKey: Guid(01f201f0349ec1542a981cac8b13153c) Importer(815301076,1909f56bfc062723c751e8b465ee728b)
Start importing Assets/Art/2.pdf using Guid(01f201f0349ec1542a981cac8b13153c) Importer(815301076,1909f56bfc062723c751e8b465ee728b)  -> (artifact id: '66ed5a839daea92c5eed870e2c171d34') in 0.010160 seconds
  Import took 0.038384 seconds .

========================================================================
Received Import Request.
  Time since last request: 1.418689 seconds.
  path: Assets/Art/3.pdf
  artifactKey: Guid(715d9ed06d456bd46828d9e83aa2fd59) Importer(815301076,1909f56bfc062723c751e8b465ee728b)
Start importing Assets/Art/3.pdf using Guid(715d9ed06d456bd46828d9e83aa2fd59) Importer(815301076,1909f56bfc062723c751e8b465ee728b)  -> (artifact id: '19894cb8f7c61755010413ffb14b755d') in 0.006667 seconds
  Import took 0.009544 seconds .

========================================================================
Received Import Request.
  Time since last request: 1683.744349 seconds.
  path: Assets/Art/2-1.png
  artifactKey: Guid(9b136d48227e2514bbad387c6f7e1039) Importer(815301076,1909f56bfc062723c751e8b465ee728b)
Start importing Assets/Art/2-1.png using Guid(9b136d48227e2514bbad387c6f7e1039) Importer(815301076,1909f56bfc062723c751e8b465ee728b)  -> (artifact id: '8550c4f7650c4e362dd8e7a378d2ccb0') in 0.014826 seconds
  Import took 0.087475 seconds .

========================================================================
Received Import Request.
  Time since last request: 0.000258 seconds.
  path: Assets/Art/3-1.png
  artifactKey: Guid(dc41f5b4160b5d64b91efc564247f38f) Importer(815301076,1909f56bfc062723c751e8b465ee728b)
Start importing Assets/Art/3-1.png using Guid(dc41f5b4160b5d64b91efc564247f38f) Importer(815301076,1909f56bfc062723c751e8b465ee728b)  -> (artifact id: 'a092406131c987c7fc5e8da86477a22e') in 0.014208 seconds
  Import took 0.121573 seconds .

========================================================================
Received Import Request.
  Time since last request: 0.000282 seconds.
  path: Assets/Art/4-1.png
  artifactKey: Guid(2134e68d6c99da145805ad3af6844cfe) Importer(815301076,1909f56bfc062723c751e8b465ee728b)
Start importing Assets/Art/4-1.png using Guid(2134e68d6c99da145805ad3af6844cfe) Importer(815301076,1909f56bfc062723c751e8b465ee728b)  -> (artifact id: 'd742cbccb6d82f7b631e50475305c196') in 0.017538 seconds
  Import took 0.020484 seconds .

========================================================================
Received Import Request.
  Time since last request: 0.000226 seconds.
  path: Assets/Art/5-1.png
  artifactKey: Guid(955e2a41657ef5346bbb2ffba2e32b8b) Importer(815301076,1909f56bfc062723c751e8b465ee728b)
Start importing Assets/Art/5-1.png using Guid(955e2a41657ef5346bbb2ffba2e32b8b) Importer(815301076,1909f56bfc062723c751e8b465ee728b)  -> (artifact id: '2272d1d0a17aa327b8038fdb81f1a602') in 0.013078 seconds
  Import took 0.091747 seconds .

========================================================================
Received Import Request.
  Time since last request: 38.249952 seconds.
  path: Assets/Art/2-1.png
  artifactKey: Guid(9b136d48227e2514bbad387c6f7e1039) Importer(815301076,1909f56bfc062723c751e8b465ee728b)
Start importing Assets/Art/2-1.png using Guid(9b136d48227e2514bbad387c6f7e1039) Importer(815301076,1909f56bfc062723c751e8b465ee728b)  -> (artifact id: '5314d1b0fe92bedec68f43a2e55abf64') in 0.065399 seconds
  Import took 0.068496 seconds .

========================================================================
Received Import Request.
  Time since last request: 0.000272 seconds.
  path: Assets/Art/start_button.png
  artifactKey: Guid(6a6525a76d447094daad154715f27d23) Importer(815301076,1909f56bfc062723c751e8b465ee728b)
Start importing Assets/Art/start_button.png using Guid(6a6525a76d447094daad154715f27d23) Importer(815301076,1909f56bfc062723c751e8b465ee728b)  -> (artifact id: '3df140d6d95efee83407e80d040ca809') in 0.018612 seconds
  Import took 0.040641 seconds .

========================================================================
Received Import Request.
  Time since last request: 0.000210 seconds.
  path: Assets/Art/You_Lose_Message.png
  artifactKey: Guid(1e294578aa638b44ab64a7aaf87137fa) Importer(815301076,1909f56bfc062723c751e8b465ee728b)
Start importing Assets/Art/You_Lose_Message.png using Guid(1e294578aa638b44ab64a7aaf87137fa) Importer(815301076,1909f56bfc062723c751e8b465ee728b)  -> (artifact id: 'b43907a3a1b2010364f356111b5af4d1') in 0.019621 seconds
  Import took 0.029954 seconds .

========================================================================
Received Import Request.
  Time since last request: 0.000234 seconds.
  path: Assets/Art/Kranked1.png
  artifactKey: Guid(57d716aca4cea564e96fce8075f4b6ff) Importer(815301076,1909f56bfc062723c751e8b465ee728b)
Start importing Assets/Art/Kranked1.png using Guid(57d716aca4cea564e96fce8075f4b6ff) Importer(815301076,1909f56bfc062723c751e8b465ee728b)  -> (artifact id: 'fd27332e6733ea8b8ce3dfc9cf7c283c') in 0.022394 seconds
  Import took 0.025441 seconds .

========================================================================
Received Import Request.
  Time since last request: 0.000249 seconds.
  path: Assets/Art/Kranky_Invasion_Start_Image.png
  artifactKey: Guid(55968725fd29a8f4198724e6b7e1cb71) Importer(815301076,1909f56bfc062723c751e8b465ee728b)
Start importing Assets/Art/Kranky_Invasion_Start_Image.png using Guid(55968725fd29a8f4198724e6b7e1cb71) Importer(815301076,1909f56bfc062723c751e8b465ee728b)  -> (artifact id: '6964398dde967652a05857cd303d2e78') in 0.017078 seconds
  Import took 0.024666 seconds .

========================================================================
Received Import Request.
  Time since last request: 0.000234 seconds.
  path: Assets/Art/You_win.png
  artifactKey: Guid(e27b6a99efa9b874a97568eae3d5ca49) Importer(815301076,1909f56bfc062723c751e8b465ee728b)
Start importing Assets/Art/You_win.png using Guid(e27b6a99efa9b874a97568eae3d5ca49) Importer(815301076,1909f56bfc062723c751e8b465ee728b)  -> (artifact id: '47fe9e7f7cad6f2b5f24a5dbc857018c') in 0.015793 seconds
  Import took 0.021442 seconds .

========================================================================
Received Import Request.
  Time since last request: 0.000254 seconds.
  path: Assets/Art/player_Character.png
  artifactKey: Guid(b17379ea329fd7146a019f38394ac87f) Importer(815301076,1909f56bfc062723c751e8b465ee728b)
Start importing Assets/Art/player_Character.png using Guid(b17379ea329fd7146a019f38394ac87f) Importer(815301076,1909f56bfc062723c751e8b465ee728b)  -> (artifact id: 'f1f012d3dc9396c0e6ab7d355099a75e') in 0.016164 seconds
  Import took 0.019676 seconds .

========================================================================
Received Import Request.
  Time since last request: 0.000290 seconds.
  path: Assets/Art/3-1.png
  artifactKey: Guid(dc41f5b4160b5d64b91efc564247f38f) Importer(815301076,1909f56bfc062723c751e8b465ee728b)
Start importing Assets/Art/3-1.png using Guid(dc41f5b4160b5d64b91efc564247f38f) Importer(815301076,1909f56bfc062723c751e8b465ee728b)  -> (artifact id: 'b2cddf4d4200a2e6ee3b4b60188e2e42') in 0.015404 seconds
  Import took 0.025549 seconds .

========================================================================
Received Import Request.
  Time since last request: 0.000230 seconds.
  path: Assets/Art/End_Button.png
  artifactKey: Guid(e5afcb2ec56114e40a6f06831c20ad10) Importer(815301076,1909f56bfc062723c751e8b465ee728b)
Start importing Assets/Art/End_Button.png using Guid(e5afcb2ec56114e40a6f06831c20ad10) Importer(815301076,1909f56bfc062723c751e8b465ee728b)  -> (artifact id: 'cc43a0ca072ad1473b38f2b6ebea6b65') in 0.016522 seconds
  Import took 0.020500 seconds .

========================================================================
Received Import Request.
  Time since last request: 0.000208 seconds.
  path: Assets/Art/4-1.png
  artifactKey: Guid(2134e68d6c99da145805ad3af6844cfe) Importer(815301076,1909f56bfc062723c751e8b465ee728b)
Start importing Assets/Art/4-1.png using Guid(2134e68d6c99da145805ad3af6844cfe) Importer(815301076,1909f56bfc062723c751e8b465ee728b)  -> (artifact id: 'f106351c2efc744b1401a48115669c3b') in 0.014350 seconds
  Import took 0.020957 seconds .

========================================================================
Received Import Request.
  Time since last request: 0.000220 seconds.
  path: Assets/Art/5-1.png
  artifactKey: Guid(955e2a41657ef5346bbb2ffba2e32b8b) Importer(815301076,1909f56bfc062723c751e8b465ee728b)
Start importing Assets/Art/5-1.png using Guid(955e2a41657ef5346bbb2ffba2e32b8b) Importer(815301076,1909f56bfc062723c751e8b465ee728b)  -> (artifact id: 'a0f8877f483bca47b58a53eee86389df') in 0.013890 seconds
  Import took 0.016765 seconds .

========================================================================
Received Import Request.
  Time since last request: 0.003335 seconds.
  path: Assets/Art/5-1.png
  artifactKey: Guid(955e2a41657ef5346bbb2ffba2e32b8b) Importer(815301076,1909f56bfc062723c751e8b465ee728b)
Start importing Assets/Art/5-1.png using Guid(955e2a41657ef5346bbb2ffba2e32b8b) Importer(815301076,1909f56bfc062723c751e8b465ee728b)  -> (artifact id: 'a0f8877f483bca47b58a53eee86389df') in 0.008745 seconds
  Import took 0.011797 seconds .

========================================================================
Received Import Request.
  Time since last request: 165.151824 seconds.
  path: Assets/Art/Kranked3.png
  artifactKey: Guid(905f8f70f33c3b54c8e938891aa2a6e6) Importer(815301076,1909f56bfc062723c751e8b465ee728b)
Start importing Assets/Art/Kranked3.png using Guid(905f8f70f33c3b54c8e938891aa2a6e6) Importer(815301076,1909f56bfc062723c751e8b465ee728b)  -> (artifact id: '98f684ea4aeb1183fcf2397ad22c108d') in 0.013259 seconds
  Import took 0.064840 seconds .

========================================================================
Received Import Request.
  Time since last request: 10.100067 seconds.
  path: Assets/Art/Kranked3.png
  artifactKey: Guid(905f8f70f33c3b54c8e938891aa2a6e6) Importer(815301076,1909f56bfc062723c751e8b465ee728b)
Start importing Assets/Art/Kranked3.png using Guid(905f8f70f33c3b54c8e938891aa2a6e6) Importer(815301076,1909f56bfc062723c751e8b465ee728b)  -> (artifact id: '158d31d45a6f941e38fe9eb1c2e7eeb3') in 0.012535 seconds
  Import took 0.063214 seconds .

========================================================================
Received Import Request.
  Time since last request: 334.709489 seconds.
  path: Assets/Art/Kranked3.png
  artifactKey: Guid(905f8f70f33c3b54c8e938891aa2a6e6) Importer(815301076,1909f56bfc062723c751e8b465ee728b)
Start importing Assets/Art/Kranked3.png using Guid(905f8f70f33c3b54c8e938891aa2a6e6) Importer(815301076,1909f56bfc062723c751e8b465ee728b)  -> (artifact id: 'b5bb70bbf9f1e9a7400781500e060cd3') in 0.012795 seconds
  Import took 0.088385 seconds .

========================================================================
Received Import Request.
  Time since last request: 493.665762 seconds.
  path: Packages/com.unity.2d.animation/Editor/Assets/SkinningModule/Icons/Light/Split_Edge.png
  artifactKey: Guid(900065f34a33d2e478bf93a0191f68de) Importer(815301076,1909f56bfc062723c751e8b465ee728b)
Start importing Packages/com.unity.2d.animation/Editor/Assets/SkinningModule/Icons/Light/Split_Edge.png using Guid(900065f34a33d2e478bf93a0191f68de) Importer(815301076,1909f56bfc062723c751e8b465ee728b)  -> (artifact id: '176e4dbe331ab6c71358d55efded07f3') in 0.213120 seconds
  Import took 0.247152 seconds .

========================================================================
Received Import Request.
  Time since last request: 0.000254 seconds.
  path: Packages/com.unity.2d.path/Editor/Handles/TangentContinuous.png
  artifactKey: Guid(229e750703f3e824ca71ddd16a5e36be) Importer(815301076,1909f56bfc062723c751e8b465ee728b)
Start importing Packages/com.unity.2d.path/Editor/Handles/TangentContinuous.png using Guid(229e750703f3e824ca71ddd16a5e36be) Importer(815301076,1909f56bfc062723c751e8b465ee728b)  -> (artifact id: '4d72020fa556a0877aed0798c47f7c6f') in 0.034106 seconds
  Import took 0.091122 seconds .

========================================================================
Received Import Request.
  Time since last request: 0.000188 seconds.
  path: Packages/com.unity.2d.spriteshape/Editor/Handles/ss_playhead.png
  artifactKey: Guid(9ea72647c24be493ba6f15a9cd2a24ae) Importer(815301076,1909f56bfc062723c751e8b465ee728b)
Start importing Packages/com.unity.2d.spriteshape/Editor/Handles/ss_playhead.png using Guid(9ea72647c24be493ba6f15a9cd2a24ae) Importer(815301076,1909f56bfc062723c751e8b465ee728b)  -> (artifact id: '98422a6b9409104df3707fc12b95f9cc') in 0.024189 seconds
  Import took 0.037251 seconds .

========================================================================
Received Import Request.
  Time since last request: 0.000230 seconds.
  path: Packages/com.unity.2d.animation/Editor/Assets/SkinningModule/Icons/Light/Sprite_Mode@4x.png
  artifactKey: Guid(554a30a45860f494ca38586c54b7e5d9) Importer(815301076,1909f56bfc062723c751e8b465ee728b)
Start importing Packages/com.unity.2d.animation/Editor/Assets/SkinningModule/Icons/Light/Sprite_Mode@4x.png using Guid(554a30a45860f494ca38586c54b7e5d9) Importer(815301076,1909f56bfc062723c751e8b465ee728b)  -> (artifact id: 'cc4f3f860dc3fae009348d9316b799aa') in 0.037294 seconds
  Import took 0.040202 seconds .

========================================================================
Received Import Request.
  Time since last request: 0.000194 seconds.
  path: Packages/com.unity.2d.animation/Editor/Assets/SkinningModule/Icons/Light/Visibility_Hidded@3x.png
  artifactKey: Guid(89930da27dfbbc64ba1f3baf0ae416bb) Importer(815301076,1909f56bfc062723c751e8b465ee728b)
Start importing Packages/com.unity.2d.animation/Editor/Assets/SkinningModule/Icons/Light/Visibility_Hidded@3x.png using Guid(89930da27dfbbc64ba1f3baf0ae416bb) Importer(815301076,1909f56bfc062723c751e8b465ee728b)  -> (artifact id: '0bd89d0d37f9fc5f820ce5382ae6ef2f') in 0.056641 seconds
  Import took 0.078621 seconds .

========================================================================
Received Import Request.
  Time since last request: 0.000239 seconds.
  path: Packages/com.unity.2d.animation/Editor/Assets/SkinningModule/Icons/Selected/Sprite_Mode@4x.png
  artifactKey: Guid(2223b0a570b66ee42b3e0a79f0789b2a) Importer(815301076,1909f56bfc062723c751e8b465ee728b)
Start importing Packages/com.unity.2d.animation/Editor/Assets/SkinningModule/Icons/Selected/Sprite_Mode@4x.png using Guid(2223b0a570b66ee42b3e0a79f0789b2a) Importer(815301076,1909f56bfc062723c751e8b465ee728b)  -> (artifact id: 'a740a088c91ce658889e5d0e8d1b59e6') in 0.024934 seconds
  Import took 0.058921 seconds .

========================================================================
Received Import Request.
  Time since last request: 0.000247 seconds.
  path: Packages/com.unity.2d.animation/Editor/Assets/SkinningModule/Icons/Light/Split_Edge@3x.png
  artifactKey: Guid(4d2d8fb4fc2041441980b4ec253532b0) Importer(815301076,1909f56bfc062723c751e8b465ee728b)
Start importing Packages/com.unity.2d.animation/Editor/Assets/SkinningModule/Icons/Light/Split_Edge@3x.png using Guid(4d2d8fb4fc2041441980b4ec253532b0) Importer(815301076,1909f56bfc062723c751e8b465ee728b)  -> (artifact id: '3690614200edfda1a1443f5039392089') in 0.039792 seconds
  Import took 0.057973 seconds .

========================================================================
Received Import Request.
  Time since last request: 0.000229 seconds.
  path: Packages/com.unity.2d.animation/Editor/Assets/SkinningModule/Icons/Selected/Sprite_Mode@3x.png
  artifactKey: Guid(ea833d779996e3244b3b567764be9cf0) Importer(815301076,1909f56bfc062723c751e8b465ee728b)
Start importing Packages/com.unity.2d.animation/Editor/Assets/SkinningModule/Icons/Selected/Sprite_Mode@3x.png using Guid(ea833d779996e3244b3b567764be9cf0) Importer(815301076,1909f56bfc062723c751e8b465ee728b)  -> (artifact id: 'aad9319c39f2bd79689233cbf42f7d9c') in 0.028304 seconds
  Import took 0.031342 seconds .

========================================================================
Received Import Request.
  Time since last request: 0.000253 seconds.
  path: Packages/com.unity.2d.animation/Editor/Assets/SkinningModule/Icons/Light/Split_Edge@2x.png
  artifactKey: Guid(3c84cd9c7ddd51c4b959d02c41aced07) Importer(815301076,1909f56bfc062723c751e8b465ee728b)
Start importing Packages/com.unity.2d.animation/Editor/Assets/SkinningModule/Icons/Light/Split_Edge@2x.png using Guid(3c84cd9c7ddd51c4b959d02c41aced07) Importer(815301076,1909f56bfc062723c751e8b465ee728b)  -> (artifact id: 'c5ac3377f4ce8e525a94a57facc14129') in 0.017338 seconds
  Import took 0.020231 seconds .

========================================================================
Received Import Request.
  Time since last request: 0.000243 seconds.
  path: Packages/com.unity.2d.animation/Editor/Assets/SkinningModule/Icons/Light/Sprite_Mode@2x.png
  artifactKey: Guid(cfe99a1afb609b4488d6fc9224a62f74) Importer(815301076,1909f56bfc062723c751e8b465ee728b)
Start importing Packages/com.unity.2d.animation/Editor/Assets/SkinningModule/Icons/Light/Sprite_Mode@2x.png using Guid(cfe99a1afb609b4488d6fc9224a62f74) Importer(815301076,1909f56bfc062723c751e8b465ee728b)  -> (artifact id: '17c83f1dec8e75aec3ef460a3085da8e') in 0.032178 seconds
  Import took 0.035144 seconds .

========================================================================
Received Import Request.
  Time since last request: 0.000187 seconds.
  path: Packages/com.unity.2d.path/Editor/Handles/TangentContinuousPro.png
  artifactKey: Guid(8d4a2ded892e27742bb6d4d263639dff) Importer(815301076,1909f56bfc062723c751e8b465ee728b)
Start importing Packages/com.unity.2d.path/Editor/Handles/TangentContinuousPro.png using Guid(8d4a2ded892e27742bb6d4d263639dff) Importer(815301076,1909f56bfc062723c751e8b465ee728b)  -> (artifact id: 'af48addf932aeb4b5b2b5f7206c93bdb') in 0.064882 seconds
  Import took 0.115962 seconds .

========================================================================
Received Import Request.
  Time since last request: 0.000225 seconds.
  path: Packages/com.unity.2d.path/Editor/Handles/TangentBrokenPro.png
  artifactKey: Guid(3f0215e89d05b544d907d3a7d34fab63) Importer(815301076,1909f56bfc062723c751e8b465ee728b)
Start importing Packages/com.unity.2d.path/Editor/Handles/TangentBrokenPro.png using Guid(3f0215e89d05b544d907d3a7d34fab63) Importer(815301076,1909f56bfc062723c751e8b465ee728b)  -> (artifact id: 'e9a5f103272d914d179fbe3d0127d0f6') in 0.028717 seconds
  Import took 0.032694 seconds .

========================================================================
Received Import Request.
  Time since last request: 0.000235 seconds.
  path: Packages/com.unity.2d.animation/Editor/Assets/SkinningModule/Icons/Light/Visibility_Hidded.png
  artifactKey: Guid(a20f7223e2252fc4d813fc92d0f3a614) Importer(815301076,1909f56bfc062723c751e8b465ee728b)
Start importing Packages/com.unity.2d.animation/Editor/Assets/SkinningModule/Icons/Light/Visibility_Hidded.png using Guid(a20f7223e2252fc4d813fc92d0f3a614) Importer(815301076,1909f56bfc062723c751e8b465ee728b)  -> (artifact id: '51cdd08544d729284db844950ae08c05') in 0.032808 seconds
  Import took 0.035546 seconds .

========================================================================
Received Import Request.
  Time since last request: 0.000215 seconds.
  path: Packages/com.unity.2d.animation/Editor/Assets/SkinningModule/Icons/Light/Visibility_Hidded@2x.png
  artifactKey: Guid(f3940f64802892746b2ec336d3b0c5f4) Importer(815301076,1909f56bfc062723c751e8b465ee728b)
Start importing Packages/com.unity.2d.animation/Editor/Assets/SkinningModule/Icons/Light/Visibility_Hidded@2x.png using Guid(f3940f64802892746b2ec336d3b0c5f4) Importer(815301076,1909f56bfc062723c751e8b465ee728b)  -> (artifact id: 'da87fd18bee9e1992e8d0f21e5f86109') in 0.051361 seconds
  Import took 0.075590 seconds .

========================================================================
Received Import Request.
  Time since last request: 0.000221 seconds.
  path: Packages/com.unity.2d.spriteshape/Editor/ObjectMenuCreation/DefaultAssets/Textures/Sprite Shape Corner.png
  artifactKey: Guid(608e61deb05c54660bebf5a4dd2ee02d) Importer(815301076,1909f56bfc062723c751e8b465ee728b)
Start importing Packages/com.unity.2d.spriteshape/Editor/ObjectMenuCreation/DefaultAssets/Textures/Sprite Shape Corner.png using Guid(608e61deb05c54660bebf5a4dd2ee02d) Importer(815301076,1909f56bfc062723c751e8b465ee728b)  -> (artifact id: 'b2a53da3460e4b892395ba7abc79e11b') in 0.040216 seconds
  Import took 0.043269 seconds .

========================================================================
Received Import Request.
  Time since last request: 0.000202 seconds.
  path: Packages/com.unity.2d.path/Editor/Handles/TangentLinearPro.png
  artifactKey: Guid(cafc16189f045f445bad6f5eb9e13541) Importer(815301076,1909f56bfc062723c751e8b465ee728b)
Start importing Packages/com.unity.2d.path/Editor/Handles/TangentLinearPro.png using Guid(cafc16189f045f445bad6f5eb9e13541) Importer(815301076,1909f56bfc062723c751e8b465ee728b)  -> (artifact id: '80139355157b2231b11a4c0bfa460d02') in 0.035686 seconds
  Import took 0.054094 seconds .

========================================================================
Received Import Request.
  Time since last request: 0.000211 seconds.
  path: Packages/com.unity.2d.animation/Editor/Assets/SkinningModule/Icons/Light/Sprite_Mode@3x.png
  artifactKey: Guid(71d8b2e508f1d9947ba51013600a5eac) Importer(815301076,1909f56bfc062723c751e8b465ee728b)
Start importing Packages/com.unity.2d.animation/Editor/Assets/SkinningModule/Icons/Light/Sprite_Mode@3x.png using Guid(71d8b2e508f1d9947ba51013600a5eac) Importer(815301076,1909f56bfc062723c751e8b465ee728b)  -> (artifact id: '296fe40b75417de7ecbfad0c3123f2aa') in 0.033829 seconds
  Import took 0.133748 seconds .

========================================================================
Received Import Request.
  Time since last request: 0.000247 seconds.
  path: Packages/com.unity.2d.animation/Editor/Assets/SkinningModule/Icons/Selected/Split_Edge@2x.png
  artifactKey: Guid(2f12c9758dad4e34ea8bc886f1fdb0dd) Importer(815301076,1909f56bfc062723c751e8b465ee728b)
Start importing Packages/com.unity.2d.animation/Editor/Assets/SkinningModule/Icons/Selected/Split_Edge@2x.png using Guid(2f12c9758dad4e34ea8bc886f1fdb0dd) Importer(815301076,1909f56bfc062723c751e8b465ee728b)  -> (artifact id: '9b94fd5bd84ffa8ed5b39145fb14b54c') in 0.030228 seconds
  Import took 0.049693 seconds .

========================================================================
Received Import Request.
  Time since last request: 0.000217 seconds.
  path: Packages/com.unity.2d.animation/Editor/Assets/SkinningModule/Icons/Selected/Split_Edge.png
  artifactKey: Guid(8800032f7e7cdd544b74849c80ce05d4) Importer(815301076,1909f56bfc062723c751e8b465ee728b)
Start importing Packages/com.unity.2d.animation/Editor/Assets/SkinningModule/Icons/Selected/Split_Edge.png using Guid(8800032f7e7cdd544b74849c80ce05d4) Importer(815301076,1909f56bfc062723c751e8b465ee728b)  -> (artifact id: 'f08f8ec97cd7d39f063fc69d6cd16d8f') in 0.027599 seconds
  Import took 0.030467 seconds .

========================================================================
Received Import Request.
  Time since last request: 0.000214 seconds.
  path: Packages/com.unity.2d.animation/Editor/Assets/SkinningModule/Icons/Selected/Split_Edge@3x.png
  artifactKey: Guid(7764b2bf79a49894e8ea10f3d661a4ed) Importer(815301076,1909f56bfc062723c751e8b465ee728b)
Start importing Packages/com.unity.2d.animation/Editor/Assets/SkinningModule/Icons/Selected/Split_Edge@3x.png using Guid(7764b2bf79a49894e8ea10f3d661a4ed) Importer(815301076,1909f56bfc062723c751e8b465ee728b)  -> (artifact id: '1b9803dfa8432bb981f1a0cdeb91e3f1') in 0.085668 seconds
  Import took 0.112084 seconds .

========================================================================
Received Import Request.
  Time since last request: 0.000214 seconds.
  path: Packages/com.unity.2d.animation/Editor/Assets/SkinningModule/Icons/Light/Sprite_Mode.png
  artifactKey: Guid(2ad84ec7182471b4d8c44de568e22df4) Importer(815301076,1909f56bfc062723c751e8b465ee728b)
Start importing Packages/com.unity.2d.animation/Editor/Assets/SkinningModule/Icons/Light/Sprite_Mode.png using Guid(2ad84ec7182471b4d8c44de568e22df4) Importer(815301076,1909f56bfc062723c751e8b465ee728b)  -> (artifact id: 'b78934051ef8f95e0c8977594ce60105') in 0.033641 seconds
  Import took 0.036693 seconds .

========================================================================
Received Import Request.
  Time since last request: 0.000244 seconds.
  path: Packages/com.unity.2d.animation/Editor/Assets/SkinningModule/Icons/Selected/Sprite_Mode.png
  artifactKey: Guid(ca778bc7303b24948abf3e907abbf2a0) Importer(815301076,1909f56bfc062723c751e8b465ee728b)
Start importing Packages/com.unity.2d.animation/Editor/Assets/SkinningModule/Icons/Selected/Sprite_Mode.png using Guid(ca778bc7303b24948abf3e907abbf2a0) Importer(815301076,1909f56bfc062723c751e8b465ee728b)  -> (artifact id: 'f2b8c7aa731cabba08d39317ddf8286a') in 0.076852 seconds
  Import took 0.079946 seconds .

========================================================================
Received Import Request.
  Time since last request: 0.000194 seconds.
  path: Packages/com.unity.2d.spriteshape/Editor/ObjectMenuCreation/DefaultAssets/Sprite Shapes/SpriteShapeEdge.png
  artifactKey: Guid(0ae2b74b1edd14bb18dd7b65ae916a54) Importer(815301076,1909f56bfc062723c751e8b465ee728b)
Start importing Packages/com.unity.2d.spriteshape/Editor/ObjectMenuCreation/DefaultAssets/Sprite Shapes/SpriteShapeEdge.png using Guid(0ae2b74b1edd14bb18dd7b65ae916a54) Importer(815301076,1909f56bfc062723c751e8b465ee728b)  -> (artifact id: 'de4d2eb3b4f72d6f2cfa1acb96621c64') in 0.051651 seconds
  Import took 0.054752 seconds .

========================================================================
Received Import Request.
  Time since last request: 0.000231 seconds.
  path: Packages/com.unity.2d.sprite/Editor/ObjectMenuCreation/DefaultAssets/Textures/Square.png
  artifactKey: Guid(db750325989564987a34393247d883b4) Importer(815301076,1909f56bfc062723c751e8b465ee728b)
Start importing Packages/com.unity.2d.sprite/Editor/ObjectMenuCreation/DefaultAssets/Textures/Square.png using Guid(db750325989564987a34393247d883b4) Importer(815301076,1909f56bfc062723c751e8b465ee728b)  -> (artifact id: '7c22b379bc2ce261c3fe52ade8c8b5e7') in 0.015393 seconds
  Import took 0.018662 seconds .

========================================================================
Received Import Request.
  Time since last request: 0.000186 seconds.
  path: Packages/com.unity.2d.spriteshape/Editor/ObjectMenuCreation/DefaultAssets/Textures/Sprite Shape Fill.png
  artifactKey: Guid(b281b91a70a624a0da1c43adc1c30c7b) Importer(815301076,1909f56bfc062723c751e8b465ee728b)
Start importing Packages/com.unity.2d.spriteshape/Editor/ObjectMenuCreation/DefaultAssets/Textures/Sprite Shape Fill.png using Guid(b281b91a70a624a0da1c43adc1c30c7b) Importer(815301076,1909f56bfc062723c751e8b465ee728b)  -> (artifact id: '5271ea94f511a34435d55ae407d382be') in 0.064496 seconds
  Import took 0.067477 seconds .

========================================================================
Received Import Request.
  Time since last request: 0.000211 seconds.
  path: Packages/com.unity.2d.animation/Editor/Assets/SkinningModule/Icons/Selected/Visibility_Tool.png
  artifactKey: Guid(7342ee656932e31489ea62e64e012645) Importer(815301076,1909f56bfc062723c751e8b465ee728b)
Start importing Packages/com.unity.2d.animation/Editor/Assets/SkinningModule/Icons/Selected/Visibility_Tool.png using Guid(7342ee656932e31489ea62e64e012645) Importer(815301076,1909f56bfc062723c751e8b465ee728b)  -> (artifact id: '30782eb0011cacfff8300a7f90088882') in 0.026293 seconds
  Import took 0.028913 seconds .

========================================================================
Received Import Request.
  Time since last request: 0.000218 seconds.
  path: Packages/com.unity.2d.spriteshape/Editor/Handles/ss_leftrange.png
  artifactKey: Guid(9417efc47083f4a1598c1966a6345cdb) Importer(815301076,1909f56bfc062723c751e8b465ee728b)
Start importing Packages/com.unity.2d.spriteshape/Editor/Handles/ss_leftrange.png using Guid(9417efc47083f4a1598c1966a6345cdb) Importer(815301076,1909f56bfc062723c751e8b465ee728b)  -> (artifact id: 'e3a23cc8114a302cf1147d0cfcb6b7de') in 0.064351 seconds
  Import took 0.125065 seconds .

========================================================================
Received Import Request.
  Time since last request: 0.000210 seconds.
  path: Packages/com.unity.2d.spriteshape/Editor/Handles/ss_rightrange.png
  artifactKey: Guid(ee5df01235032491c8b180741ea820fe) Importer(815301076,1909f56bfc062723c751e8b465ee728b)
Start importing Packages/com.unity.2d.spriteshape/Editor/Handles/ss_rightrange.png using Guid(ee5df01235032491c8b180741ea820fe) Importer(815301076,1909f56bfc062723c751e8b465ee728b)  -> (artifact id: '26c12978c917c7d05f2635134079cfb1') in 0.016377 seconds
  Import took 0.019596 seconds .

========================================================================
Received Import Request.
  Time since last request: 0.000225 seconds.
  path: Packages/com.unity.2d.path/Editor/Handles/TangentLinear.png
  artifactKey: Guid(a728d9332cba5f448a36350199dc573b) Importer(815301076,1909f56bfc062723c751e8b465ee728b)
Start importing Packages/com.unity.2d.path/Editor/Handles/TangentLinear.png using Guid(a728d9332cba5f448a36350199dc573b) Importer(815301076,1909f56bfc062723c751e8b465ee728b)  -> (artifact id: 'a7f056b9a06367abcdd3c58959934e40') in 0.067369 seconds
  Import took 0.136185 seconds .

========================================================================
Received Import Request.
  Time since last request: 0.000242 seconds.
  path: Packages/com.unity.2d.animation/Editor/Assets/SkinningModule/Icons/Light/Split_Edge@4x.png
  artifactKey: Guid(21d43e7114c758c49886cb9fc604dd66) Importer(815301076,1909f56bfc062723c751e8b465ee728b)
Start importing Packages/com.unity.2d.animation/Editor/Assets/SkinningModule/Icons/Light/Split_Edge@4x.png using Guid(21d43e7114c758c49886cb9fc604dd66) Importer(815301076,1909f56bfc062723c751e8b465ee728b)  -> (artifact id: '899874e4d11dd1b13796c5bae653fdac') in 0.022983 seconds
  Import took 0.030574 seconds .

========================================================================
Received Import Request.
  Time since last request: 0.000193 seconds.
  path: Packages/com.unity.2d.animation/Editor/Assets/SkinningModule/Icons/Light/Visibility_Hidded@4x.png
  artifactKey: Guid(f469f8253737d534ca7809ae6f0d2422) Importer(815301076,1909f56bfc062723c751e8b465ee728b)
Start importing Packages/com.unity.2d.animation/Editor/Assets/SkinningModule/Icons/Light/Visibility_Hidded@4x.png using Guid(f469f8253737d534ca7809ae6f0d2422) Importer(815301076,1909f56bfc062723c751e8b465ee728b)  -> (artifact id: 'cf999adf163a9cd13f1918f332bb14e1') in 0.038218 seconds
  Import took 0.041702 seconds .

========================================================================
Received Import Request.
  Time since last request: 0.000178 seconds.
  path: Packages/com.unity.2d.path/Editor/Handles/TangentBroken.png
  artifactKey: Guid(b370d25fdf6f8914287e27c0c3dede6a) Importer(815301076,1909f56bfc062723c751e8b465ee728b)
Start importing Packages/com.unity.2d.path/Editor/Handles/TangentBroken.png using Guid(b370d25fdf6f8914287e27c0c3dede6a) Importer(815301076,1909f56bfc062723c751e8b465ee728b)  -> (artifact id: '0afc007f2a33a83d614182c943909614') in 0.075923 seconds
  Import took 0.079185 seconds .

========================================================================
Received Import Request.
  Time since last request: 0.000189 seconds.
  path: Packages/com.unity.2d.animation/Editor/Assets/SkinningModule/Icons/Selected/Split_Edge@4x.png
  artifactKey: Guid(8272ea7c59da847458432e7c88bf7766) Importer(815301076,1909f56bfc062723c751e8b465ee728b)
Start importing Packages/com.unity.2d.animation/Editor/Assets/SkinningModule/Icons/Selected/Split_Edge@4x.png using Guid(8272ea7c59da847458432e7c88bf7766) Importer(815301076,1909f56bfc062723c751e8b465ee728b)  -> (artifact id: 'be2925f80070e88a3d83abbd405aa137') in 0.077782 seconds
  Import took 0.146312 seconds .

========================================================================
Received Import Request.
  Time since last request: 0.000226 seconds.
  path: Packages/com.unity.2d.animation/Editor/Assets/SkinningModule/Icons/Selected/Sprite_Mode@2x.png
  artifactKey: Guid(ff2aa9ebc8aee604caa5f8459ac4ae43) Importer(815301076,1909f56bfc062723c751e8b465ee728b)
Start importing Packages/com.unity.2d.animation/Editor/Assets/SkinningModule/Icons/Selected/Sprite_Mode@2x.png using Guid(ff2aa9ebc8aee604caa5f8459ac4ae43) Importer(815301076,1909f56bfc062723c751e8b465ee728b)  -> (artifact id: '413225dd1a447e0aff6e15b0c23a5fa4') in 0.036505 seconds
  Import took 0.108614 seconds .

========================================================================
Received Prepare
Registering precompiled user dll's ...
Registered in 0.000835 seconds.
Begin MonoManager ReloadAssembly
Native extension for LinuxStandalone target not found
Native extension for WindowsStandalone target not found
Native extension for OSXStandalone target not found
Native extension for WebGL target not found
Refreshing native plugins compatible for Editor in 0.40 ms, found 1 plugins.
Preloading 0 native plugins for Editor in 0.00 ms.
Invoked RoslynAnalysisRunner static constructor.
RoslynAnalysisRunner will not be running.
RoslynAnalysisRunner has terminated.
Mono: successfully reloaded assembly
- Completed reload, in  0.665 seconds
Platform modules already initialized, skipping
Refreshing native plugins compatible for Editor in 0.40 ms, found 1 plugins.
Preloading 0 native plugins for Editor in 0.00 ms.
Unloading 2036 Unused Serialized files (Serialized files now loaded: 0)
System memory in use before: 111.2 MB.
System memory in use after: 111.2 MB.

Unloading 13 unused Assets to reduce memory usage. Loaded Objects now: 2542.
Total: 1.804800 ms (FindLiveObjects: 0.227800 ms CreateObjectMapping: 0.042900 ms MarkObjects: 1.446700 ms  DeleteObjects: 0.086800 ms)

========================================================================
Received Import Request.
  Time since last request: 458.247247 seconds.
  path: Assets/Scenes/MainScene.unity
  artifactKey: Guid(2cda990e2423bbf4892e6590ba056729) Importer(815301076,1909f56bfc062723c751e8b465ee728b)
Start importing Assets/Scenes/MainScene.unity using Guid(2cda990e2423bbf4892e6590ba056729) Importer(815301076,1909f56bfc062723c751e8b465ee728b)  -> (artifact id: '3812831aeacbf6400123e04e43ee4fbf') in 0.013791 seconds
  Import took 0.017776 seconds .

========================================================================
Received Import Request.
  Time since last request: 860.389735 seconds.
  path: Assets/Scenes/MainMenuScene.unity
  artifactKey: Guid(ffe5d783d61a6204b90fce5cc420b2e1) Importer(815301076,1909f56bfc062723c751e8b465ee728b)
Start importing Assets/Scenes/MainMenuScene.unity using Guid(ffe5d783d61a6204b90fce5cc420b2e1) Importer(815301076,1909f56bfc062723c751e8b465ee728b)  -> (artifact id: 'f3ef3eef84606d2f03a8b8ec54330669') in 0.006097 seconds
  Import took 0.091059 seconds .

========================================================================
Received Prepare
Registering precompiled user dll's ...
Registered in 0.000710 seconds.
Begin MonoManager ReloadAssembly
Native extension for LinuxStandalone target not found
Native extension for WindowsStandalone target not found
Native extension for OSXStandalone target not found
Native extension for WebGL target not found
Refreshing native plugins compatible for Editor in 0.42 ms, found 1 plugins.
Preloading 0 native plugins for Editor in 0.00 ms.
Invoked RoslynAnalysisRunner static constructor.
RoslynAnalysisRunner will not be running.
RoslynAnalysisRunner has terminated.
Mono: successfully reloaded assembly
- Completed reload, in  0.661 seconds
Platform modules already initialized, skipping
Refreshing native plugins compatible for Editor in 0.75 ms, found 1 plugins.
Preloading 0 native plugins for Editor in 0.00 ms.
Unloading 2036 Unused Serialized files (Serialized files now loaded: 0)
System memory in use before: 111.5 MB.
System memory in use after: 111.6 MB.

Unloading 13 unused Assets to reduce memory usage. Loaded Objects now: 2545.
Total: 2.140400 ms (FindLiveObjects: 0.247200 ms CreateObjectMapping: 0.043400 ms MarkObjects: 1.695200 ms  DeleteObjects: 0.153400 ms)

========================================================================
Received Prepare
Refreshing native plugins compatible for Editor in 1.36 ms, found 1 plugins.
Preloading 0 native plugins for Editor in 0.00 ms.
Unloading 10 Unused Serialized files (Serialized files now loaded: 0)
System memory in use before: 71.7 MB.
System memory in use after: 71.7 MB.

Unloading 10 unused Assets to reduce memory usage. Loaded Objects now: 2545.
Total: 2.083800 ms (FindLiveObjects: 0.218700 ms CreateObjectMapping: 0.041700 ms MarkObjects: 1.717800 ms  DeleteObjects: 0.104500 ms)

AssetImportWorkerClient::OnTransportError - code=2 error=End of file
